2020-02-28 18:34:24 - PHP Notice:  Undefined index: config_name in /home/vol1_1/epizy.com/epiz_25246576/htdocs/install/model/upgrade/1004.php on line 119
2020-02-28 18:43:32 - PHP Warning:  mysqli::__construct(): (HY000/2002): Connection refused in /home/vol1_1/epizy.com/epiz_25246576/htdocs/system/library/db/mysqli.php on line 7
2020-02-28 18:43:32 - PHP Warning:  DB\MySQLi::__construct(): Couldn't fetch mysqli in /home/vol1_1/epizy.com/epiz_25246576/htdocs/system/library/db/mysqli.php on line 10
2020-02-28 18:43:32 - PHP Warning:  DB\MySQLi::__construct(): Couldn't fetch mysqli in /home/vol1_1/epizy.com/epiz_25246576/htdocs/system/library/db/mysqli.php on line 10
2020-02-28 18:43:55 - PHP Warning:  mysqli::__construct(): (HY000/2002): Connection refused in /home/vol1_1/epizy.com/epiz_25246576/htdocs/system/library/db/mysqli.php on line 7
2020-02-28 18:43:55 - PHP Warning:  DB\MySQLi::__construct(): Couldn't fetch mysqli in /home/vol1_1/epizy.com/epiz_25246576/htdocs/system/library/db/mysqli.php on line 10
2020-02-28 18:43:55 - PHP Warning:  DB\MySQLi::__construct(): Couldn't fetch mysqli in /home/vol1_1/epizy.com/epiz_25246576/htdocs/system/library/db/mysqli.php on line 10
2020-02-28 18:44:19 - PHP Warning:  mysqli::__construct(): (HY000/2002): Connection refused in /home/vol1_1/epizy.com/epiz_25246576/htdocs/system/library/db/mysqli.php on line 7
2020-02-28 18:44:19 - PHP Warning:  DB\MySQLi::__construct(): Couldn't fetch mysqli in /home/vol1_1/epizy.com/epiz_25246576/htdocs/system/library/db/mysqli.php on line 10
2020-02-28 18:44:19 - PHP Warning:  DB\MySQLi::__construct(): Couldn't fetch mysqli in /home/vol1_1/epizy.com/epiz_25246576/htdocs/system/library/db/mysqli.php on line 10
2020-02-28 18:44:40 - PHP Warning:  mysqli::__construct(): (HY000/2002): Connection refused in /home/vol1_1/epizy.com/epiz_25246576/htdocs/system/library/db/mysqli.php on line 7
2020-02-28 18:44:40 - PHP Warning:  DB\MySQLi::__construct(): Couldn't fetch mysqli in /home/vol1_1/epizy.com/epiz_25246576/htdocs/system/library/db/mysqli.php on line 10
2020-02-28 18:44:40 - PHP Warning:  DB\MySQLi::__construct(): Couldn't fetch mysqli in /home/vol1_1/epizy.com/epiz_25246576/htdocs/system/library/db/mysqli.php on line 10
2020-02-28 18:45:01 - PHP Warning:  mysqli::__construct(): (HY000/2002): Connection refused in /home/vol1_1/epizy.com/epiz_25246576/htdocs/system/library/db/mysqli.php on line 7
2020-02-28 18:45:01 - PHP Warning:  DB\MySQLi::__construct(): Couldn't fetch mysqli in /home/vol1_1/epizy.com/epiz_25246576/htdocs/system/library/db/mysqli.php on line 10
2020-02-28 18:45:01 - PHP Warning:  DB\MySQLi::__construct(): Couldn't fetch mysqli in /home/vol1_1/epizy.com/epiz_25246576/htdocs/system/library/db/mysqli.php on line 10
2020-02-28 18:45:28 - PHP Warning:  mysqli::__construct(): (HY000/2002): Connection refused in /home/vol1_1/epizy.com/epiz_25246576/htdocs/system/library/db/mysqli.php on line 7
2020-02-28 18:45:28 - PHP Warning:  DB\MySQLi::__construct(): Couldn't fetch mysqli in /home/vol1_1/epizy.com/epiz_25246576/htdocs/system/library/db/mysqli.php on line 10
2020-02-28 18:45:28 - PHP Warning:  DB\MySQLi::__construct(): Couldn't fetch mysqli in /home/vol1_1/epizy.com/epiz_25246576/htdocs/system/library/db/mysqli.php on line 10
2020-02-28 18:45:51 - PHP Warning:  mysqli::__construct(): (HY000/2002): Connection refused in /home/vol1_1/epizy.com/epiz_25246576/htdocs/system/library/db/mysqli.php on line 7
2020-02-28 18:45:51 - PHP Warning:  DB\MySQLi::__construct(): Couldn't fetch mysqli in /home/vol1_1/epizy.com/epiz_25246576/htdocs/system/library/db/mysqli.php on line 10
2020-02-28 18:45:51 - PHP Warning:  DB\MySQLi::__construct(): Couldn't fetch mysqli in /home/vol1_1/epizy.com/epiz_25246576/htdocs/system/library/db/mysqli.php on line 10
2020-02-28 18:46:10 - PHP Warning:  mysqli::query(): (70100/1317): Query execution was interrupted in /home/vol1_1/epizy.com/epiz_25246576/htdocs/system/library/db/mysqli.php on line 18
2020-02-28 18:46:13 - PHP Warning:  mysqli::__construct(): (HY000/2002): Connection refused in /home/vol1_1/epizy.com/epiz_25246576/htdocs/system/library/db/mysqli.php on line 7
2020-02-28 18:46:13 - PHP Warning:  DB\MySQLi::__construct(): Couldn't fetch mysqli in /home/vol1_1/epizy.com/epiz_25246576/htdocs/system/library/db/mysqli.php on line 10
2020-02-28 18:46:13 - PHP Warning:  DB\MySQLi::__construct(): Couldn't fetch mysqli in /home/vol1_1/epizy.com/epiz_25246576/htdocs/system/library/db/mysqli.php on line 10
2020-02-28 18:46:38 - PHP Warning:  mysqli::__construct(): (HY000/2002): Connection refused in /home/vol1_1/epizy.com/epiz_25246576/htdocs/system/library/db/mysqli.php on line 7
2020-02-28 18:46:38 - PHP Warning:  DB\MySQLi::__construct(): Couldn't fetch mysqli in /home/vol1_1/epizy.com/epiz_25246576/htdocs/system/library/db/mysqli.php on line 10
2020-02-28 18:46:38 - PHP Warning:  DB\MySQLi::__construct(): Couldn't fetch mysqli in /home/vol1_1/epizy.com/epiz_25246576/htdocs/system/library/db/mysqli.php on line 10
2020-02-29 6:26:50 - PHP Warning:  fopen(/home/vol1_1/epizy.com/epiz_25246576/htdocs/system/cache/cache.catalog.language.1582961210): failed to open stream: No such file or directory in /home/vol1_1/epizy.com/epiz_25246576/htdocs/system/library/cache/file.php on line 49
2020-02-29 6:26:50 - PHP Warning:  flock() expects parameter 1 to be resource, bool given in /home/vol1_1/epizy.com/epiz_25246576/htdocs/system/library/cache/file.php on line 51
2020-02-29 6:26:50 - PHP Warning:  fwrite() expects parameter 1 to be resource, bool given in /home/vol1_1/epizy.com/epiz_25246576/htdocs/system/library/cache/file.php on line 53
2020-02-29 6:26:50 - PHP Warning:  fflush() expects parameter 1 to be resource, bool given in /home/vol1_1/epizy.com/epiz_25246576/htdocs/system/library/cache/file.php on line 55
2020-02-29 6:26:50 - PHP Warning:  flock() expects parameter 1 to be resource, bool given in /home/vol1_1/epizy.com/epiz_25246576/htdocs/system/library/cache/file.php on line 57
2020-02-29 6:26:50 - PHP Warning:  fclose() expects parameter 1 to be resource, bool given in /home/vol1_1/epizy.com/epiz_25246576/htdocs/system/library/cache/file.php on line 59
2020-02-29 6:26:50 - PHP Notice:  Undefined index:  in /home/vol1_1/epizy.com/epiz_25246576/htdocs/catalog/controller/startup/startup.php on line 109
2020-02-29 6:26:50 - PHP Warning:  fopen(/home/vol1_1/epizy.com/epiz_25246576/htdocs/system/cache/cache.currency.1582961210): failed to open stream: No such file or directory in /home/vol1_1/epizy.com/epiz_25246576/htdocs/system/library/cache/file.php on line 49
2020-02-29 6:26:50 - PHP Warning:  flock() expects parameter 1 to be resource, bool given in /home/vol1_1/epizy.com/epiz_25246576/htdocs/system/library/cache/file.php on line 51
2020-02-29 6:26:50 - PHP Warning:  fwrite() expects parameter 1 to be resource, bool given in /home/vol1_1/epizy.com/epiz_25246576/htdocs/system/library/cache/file.php on line 53
2020-02-29 6:26:50 - PHP Warning:  fflush() expects parameter 1 to be resource, bool given in /home/vol1_1/epizy.com/epiz_25246576/htdocs/system/library/cache/file.php on line 55
2020-02-29 6:26:50 - PHP Warning:  flock() expects parameter 1 to be resource, bool given in /home/vol1_1/epizy.com/epiz_25246576/htdocs/system/library/cache/file.php on line 57
2020-02-29 6:26:50 - PHP Warning:  fclose() expects parameter 1 to be resource, bool given in /home/vol1_1/epizy.com/epiz_25246576/htdocs/system/library/cache/file.php on line 59
2020-02-29 6:26:50 - PHP Warning:  fopen(/home/vol1_1/epizy.com/epiz_25246576/htdocs/system/storage/logs/): failed to open stream: Is a directory in /home/vol1_1/epizy.com/epiz_25246576/htdocs/system/library/log.php on line 23
2020-02-29 6:47:35 - PHP Warning:  fopen(/home/vol1_1/epizy.com/epiz_25246576/htdocs/system/cache/cache.catalog.language.1582962455): failed to open stream: No such file or directory in /home/vol1_1/epizy.com/epiz_25246576/htdocs/system/library/cache/file.php on line 49
2020-02-29 6:47:35 - PHP Warning:  flock() expects parameter 1 to be resource, bool given in /home/vol1_1/epizy.com/epiz_25246576/htdocs/system/library/cache/file.php on line 51
2020-02-29 6:47:35 - PHP Warning:  fwrite() expects parameter 1 to be resource, bool given in /home/vol1_1/epizy.com/epiz_25246576/htdocs/system/library/cache/file.php on line 53
2020-02-29 6:47:35 - PHP Warning:  fflush() expects parameter 1 to be resource, bool given in /home/vol1_1/epizy.com/epiz_25246576/htdocs/system/library/cache/file.php on line 55
2020-02-29 6:47:35 - PHP Warning:  flock() expects parameter 1 to be resource, bool given in /home/vol1_1/epizy.com/epiz_25246576/htdocs/system/library/cache/file.php on line 57
2020-02-29 6:47:35 - PHP Warning:  fclose() expects parameter 1 to be resource, bool given in /home/vol1_1/epizy.com/epiz_25246576/htdocs/system/library/cache/file.php on line 59
2020-02-29 6:47:35 - PHP Notice:  Undefined index:  in /home/vol1_1/epizy.com/epiz_25246576/htdocs/catalog/controller/startup/startup.php on line 109
2020-02-29 6:47:35 - PHP Warning:  fopen(/home/vol1_1/epizy.com/epiz_25246576/htdocs/system/cache/cache.currency.1582962455): failed to open stream: No such file or directory in /home/vol1_1/epizy.com/epiz_25246576/htdocs/system/library/cache/file.php on line 49
2020-02-29 6:47:35 - PHP Warning:  flock() expects parameter 1 to be resource, bool given in /home/vol1_1/epizy.com/epiz_25246576/htdocs/system/library/cache/file.php on line 51
2020-02-29 6:47:35 - PHP Warning:  fwrite() expects parameter 1 to be resource, bool given in /home/vol1_1/epizy.com/epiz_25246576/htdocs/system/library/cache/file.php on line 53
2020-02-29 6:47:35 - PHP Warning:  fflush() expects parameter 1 to be resource, bool given in /home/vol1_1/epizy.com/epiz_25246576/htdocs/system/library/cache/file.php on line 55
2020-02-29 6:47:35 - PHP Warning:  flock() expects parameter 1 to be resource, bool given in /home/vol1_1/epizy.com/epiz_25246576/htdocs/system/library/cache/file.php on line 57
2020-02-29 6:47:35 - PHP Warning:  fclose() expects parameter 1 to be resource, bool given in /home/vol1_1/epizy.com/epiz_25246576/htdocs/system/library/cache/file.php on line 59
2020-02-29 6:47:35 - PHP Warning:  fopen(/home/vol1_1/epizy.com/epiz_25246576/htdocs/system/storage/logs/): failed to open stream: Is a directory in /home/vol1_1/epizy.com/epiz_25246576/htdocs/system/library/log.php on line 23
2020-02-29 6:51:59 - PHP Warning:  fopen(/home/vol1_1/epizy.com/epiz_25246576/htdocs/system/cache/cache.catalog.language.1582962719): failed to open stream: No such file or directory in /home/vol1_1/epizy.com/epiz_25246576/htdocs/system/library/cache/file.php on line 51
2020-02-29 6:51:59 - PHP Warning:  flock() expects parameter 1 to be resource, bool given in /home/vol1_1/epizy.com/epiz_25246576/htdocs/system/library/cache/file.php on line 53
2020-02-29 6:51:59 - PHP Warning:  fwrite() expects parameter 1 to be resource, bool given in /home/vol1_1/epizy.com/epiz_25246576/htdocs/system/library/cache/file.php on line 55
2020-02-29 6:51:59 - PHP Warning:  fflush() expects parameter 1 to be resource, bool given in /home/vol1_1/epizy.com/epiz_25246576/htdocs/system/library/cache/file.php on line 57
2020-02-29 6:51:59 - PHP Warning:  flock() expects parameter 1 to be resource, bool given in /home/vol1_1/epizy.com/epiz_25246576/htdocs/system/library/cache/file.php on line 59
2020-02-29 6:51:59 - PHP Warning:  fclose() expects parameter 1 to be resource, bool given in /home/vol1_1/epizy.com/epiz_25246576/htdocs/system/library/cache/file.php on line 61
2020-02-29 6:51:59 - PHP Notice:  Undefined index:  in /home/vol1_1/epizy.com/epiz_25246576/htdocs/catalog/controller/startup/startup.php on line 109
2020-02-29 6:51:59 - PHP Warning:  fopen(/home/vol1_1/epizy.com/epiz_25246576/htdocs/system/cache/cache.currency.1582962719): failed to open stream: No such file or directory in /home/vol1_1/epizy.com/epiz_25246576/htdocs/system/library/cache/file.php on line 51
2020-02-29 6:51:59 - PHP Warning:  flock() expects parameter 1 to be resource, bool given in /home/vol1_1/epizy.com/epiz_25246576/htdocs/system/library/cache/file.php on line 53
2020-02-29 6:51:59 - PHP Warning:  fwrite() expects parameter 1 to be resource, bool given in /home/vol1_1/epizy.com/epiz_25246576/htdocs/system/library/cache/file.php on line 55
2020-02-29 6:51:59 - PHP Warning:  fflush() expects parameter 1 to be resource, bool given in /home/vol1_1/epizy.com/epiz_25246576/htdocs/system/library/cache/file.php on line 57
2020-02-29 6:51:59 - PHP Warning:  flock() expects parameter 1 to be resource, bool given in /home/vol1_1/epizy.com/epiz_25246576/htdocs/system/library/cache/file.php on line 59
2020-02-29 6:51:59 - PHP Warning:  fclose() expects parameter 1 to be resource, bool given in /home/vol1_1/epizy.com/epiz_25246576/htdocs/system/library/cache/file.php on line 61
2020-02-29 6:51:59 - PHP Warning:  fopen(/home/vol1_1/epizy.com/epiz_25246576/htdocs/system/storage/logs/): failed to open stream: Is a directory in /home/vol1_1/epizy.com/epiz_25246576/htdocs/system/library/log.php on line 23
2020-02-29 6:57:35 - PHP Notice:  Undefined index:  in /home/vol1_1/epizy.com/epiz_25246576/htdocs/catalog/controller/startup/startup.php on line 109
2020-02-29 6:57:35 - PHP Warning:  fopen(/home/vol1_1/epizy.com/epiz_25246576/htdocs/system/storage/logs/): failed to open stream: Is a directory in /home/vol1_1/epizy.com/epiz_25246576/htdocs/system/library/log.php on line 23
2020-02-29 7:04:04 - PHP Notice:  Undefined index:  in /home/vol1_1/epizy.com/epiz_25246576/htdocs/catalog/controller/startup/startup.php on line 109
2020-02-29 7:04:04 - PHP Warning:  fopen(/home/vol1_1/epizy.com/epiz_25246576/htdocs/system/storage/logs/): failed to open stream: Is a directory in /home/vol1_1/epizy.com/epiz_25246576/htdocs/system/library/log.php on line 23
2020-02-29 7:06:03 - PHP Notice:  Undefined index:  in /home/vol1_1/epizy.com/epiz_25246576/htdocs/catalog/controller/startup/startup.php on line 110
2020-02-29 7:06:03 - PHP Warning:  fopen(/home/vol1_1/epizy.com/epiz_25246576/htdocs/system/storage/logs/): failed to open stream: Is a directory in /home/vol1_1/epizy.com/epiz_25246576/htdocs/system/library/log.php on line 23
2020-02-29 7:10:47 - PHP Warning:  fopen(/home/vol1_1/epizy.com/epiz_25246576/htdocs/system/storage/logs/): failed to open stream: Is a directory in /home/vol1_1/epizy.com/epiz_25246576/htdocs/system/library/log.php on line 23
2020-02-29 7:14:31 - PHP Warning:  fopen(/home/vol1_1/epizy.com/epiz_25246576/htdocs/system/storage/logs/): failed to open stream: Is a directory in /home/vol1_1/epizy.com/epiz_25246576/htdocs/system/library/log.php on line 23
2020-02-29 7:20:08 - PHP Warning:  fopen(/home/vol1_1/epizy.com/epiz_25246576/htdocs/system/storage/logs/): failed to open stream: Is a directory in /home/vol1_1/epizy.com/epiz_25246576/htdocs/system/library/log.php on line 22
2020-02-29 7:26:20 - PHP Warning:  fopen(/home/vol1_1/epizy.com/epiz_25246576/htdocs/system/storage/library/cache/cache.catalog.language.1582964780): failed to open stream: No such file or directory in /home/vol1_1/epizy.com/epiz_25246576/htdocs/system/library/cache/file.php on line 51
2020-02-29 7:26:20 - PHP Warning:  flock() expects parameter 1 to be resource, bool given in /home/vol1_1/epizy.com/epiz_25246576/htdocs/system/library/cache/file.php on line 53
2020-02-29 7:26:20 - PHP Warning:  fwrite() expects parameter 1 to be resource, bool given in /home/vol1_1/epizy.com/epiz_25246576/htdocs/system/library/cache/file.php on line 55
2020-02-29 7:26:20 - PHP Warning:  fflush() expects parameter 1 to be resource, bool given in /home/vol1_1/epizy.com/epiz_25246576/htdocs/system/library/cache/file.php on line 57
2020-02-29 7:26:20 - PHP Warning:  flock() expects parameter 1 to be resource, bool given in /home/vol1_1/epizy.com/epiz_25246576/htdocs/system/library/cache/file.php on line 59
2020-02-29 7:26:20 - PHP Warning:  fclose() expects parameter 1 to be resource, bool given in /home/vol1_1/epizy.com/epiz_25246576/htdocs/system/library/cache/file.php on line 61
2020-02-29 7:26:20 - PHP Warning:  fopen(/home/vol1_1/epizy.com/epiz_25246576/htdocs/system/storage/library/cache/cache.currency.1582964780): failed to open stream: No such file or directory in /home/vol1_1/epizy.com/epiz_25246576/htdocs/system/library/cache/file.php on line 51
2020-02-29 7:26:20 - PHP Warning:  flock() expects parameter 1 to be resource, bool given in /home/vol1_1/epizy.com/epiz_25246576/htdocs/system/library/cache/file.php on line 53
2020-02-29 7:26:20 - PHP Warning:  fwrite() expects parameter 1 to be resource, bool given in /home/vol1_1/epizy.com/epiz_25246576/htdocs/system/library/cache/file.php on line 55
2020-02-29 7:26:20 - PHP Warning:  fflush() expects parameter 1 to be resource, bool given in /home/vol1_1/epizy.com/epiz_25246576/htdocs/system/library/cache/file.php on line 57
2020-02-29 7:26:20 - PHP Warning:  flock() expects parameter 1 to be resource, bool given in /home/vol1_1/epizy.com/epiz_25246576/htdocs/system/library/cache/file.php on line 59
2020-02-29 7:26:20 - PHP Warning:  fclose() expects parameter 1 to be resource, bool given in /home/vol1_1/epizy.com/epiz_25246576/htdocs/system/library/cache/file.php on line 61
2020-02-29 7:33:35 - PHP Warning:  fopen(/home/vol1_1/epizy.com/epiz_25246576/htdocs/system/storage/library/cache/cache.catalog.language.1582965215): failed to open stream: No such file or directory in /home/vol1_1/epizy.com/epiz_25246576/htdocs/system/library/cache/file.php on line 51
2020-02-29 7:33:35 - PHP Warning:  flock() expects parameter 1 to be resource, bool given in /home/vol1_1/epizy.com/epiz_25246576/htdocs/system/library/cache/file.php on line 53
2020-02-29 7:33:35 - PHP Warning:  fwrite() expects parameter 1 to be resource, bool given in /home/vol1_1/epizy.com/epiz_25246576/htdocs/system/library/cache/file.php on line 55
2020-02-29 7:33:35 - PHP Warning:  fflush() expects parameter 1 to be resource, bool given in /home/vol1_1/epizy.com/epiz_25246576/htdocs/system/library/cache/file.php on line 57
2020-02-29 7:33:35 - PHP Warning:  flock() expects parameter 1 to be resource, bool given in /home/vol1_1/epizy.com/epiz_25246576/htdocs/system/library/cache/file.php on line 59
2020-02-29 7:33:35 - PHP Warning:  fclose() expects parameter 1 to be resource, bool given in /home/vol1_1/epizy.com/epiz_25246576/htdocs/system/library/cache/file.php on line 61
2020-02-29 7:33:35 - PHP Warning:  fopen(/home/vol1_1/epizy.com/epiz_25246576/htdocs/system/storage/library/cache/cache.currency.1582965215): failed to open stream: No such file or directory in /home/vol1_1/epizy.com/epiz_25246576/htdocs/system/library/cache/file.php on line 51
2020-02-29 7:33:35 - PHP Warning:  flock() expects parameter 1 to be resource, bool given in /home/vol1_1/epizy.com/epiz_25246576/htdocs/system/library/cache/file.php on line 53
2020-02-29 7:33:35 - PHP Warning:  fwrite() expects parameter 1 to be resource, bool given in /home/vol1_1/epizy.com/epiz_25246576/htdocs/system/library/cache/file.php on line 55
2020-02-29 7:33:35 - PHP Warning:  fflush() expects parameter 1 to be resource, bool given in /home/vol1_1/epizy.com/epiz_25246576/htdocs/system/library/cache/file.php on line 57
2020-02-29 7:33:35 - PHP Warning:  flock() expects parameter 1 to be resource, bool given in /home/vol1_1/epizy.com/epiz_25246576/htdocs/system/library/cache/file.php on line 59
2020-02-29 7:33:35 - PHP Warning:  fclose() expects parameter 1 to be resource, bool given in /home/vol1_1/epizy.com/epiz_25246576/htdocs/system/library/cache/file.php on line 61
2020-02-29 7:33:39 - PHP Warning:  fopen(/home/vol1_1/epizy.com/epiz_25246576/htdocs/system/storage/library/cache/cache.catalog.language.1582965219): failed to open stream: No such file or directory in /home/vol1_1/epizy.com/epiz_25246576/htdocs/system/library/cache/file.php on line 51
2020-02-29 7:33:39 - PHP Warning:  flock() expects parameter 1 to be resource, bool given in /home/vol1_1/epizy.com/epiz_25246576/htdocs/system/library/cache/file.php on line 53
2020-02-29 7:33:39 - PHP Warning:  fwrite() expects parameter 1 to be resource, bool given in /home/vol1_1/epizy.com/epiz_25246576/htdocs/system/library/cache/file.php on line 55
2020-02-29 7:33:39 - PHP Warning:  fflush() expects parameter 1 to be resource, bool given in /home/vol1_1/epizy.com/epiz_25246576/htdocs/system/library/cache/file.php on line 57
2020-02-29 7:33:39 - PHP Warning:  flock() expects parameter 1 to be resource, bool given in /home/vol1_1/epizy.com/epiz_25246576/htdocs/system/library/cache/file.php on line 59
2020-02-29 7:33:39 - PHP Warning:  fclose() expects parameter 1 to be resource, bool given in /home/vol1_1/epizy.com/epiz_25246576/htdocs/system/library/cache/file.php on line 61
2020-02-29 7:33:39 - PHP Warning:  fopen(/home/vol1_1/epizy.com/epiz_25246576/htdocs/system/storage/library/cache/cache.currency.1582965219): failed to open stream: No such file or directory in /home/vol1_1/epizy.com/epiz_25246576/htdocs/system/library/cache/file.php on line 51
2020-02-29 7:33:39 - PHP Warning:  flock() expects parameter 1 to be resource, bool given in /home/vol1_1/epizy.com/epiz_25246576/htdocs/system/library/cache/file.php on line 53
2020-02-29 7:33:39 - PHP Warning:  fwrite() expects parameter 1 to be resource, bool given in /home/vol1_1/epizy.com/epiz_25246576/htdocs/system/library/cache/file.php on line 55
2020-02-29 7:33:39 - PHP Warning:  fflush() expects parameter 1 to be resource, bool given in /home/vol1_1/epizy.com/epiz_25246576/htdocs/system/library/cache/file.php on line 57
2020-02-29 7:33:39 - PHP Warning:  flock() expects parameter 1 to be resource, bool given in /home/vol1_1/epizy.com/epiz_25246576/htdocs/system/library/cache/file.php on line 59
2020-02-29 7:33:39 - PHP Warning:  fclose() expects parameter 1 to be resource, bool given in /home/vol1_1/epizy.com/epiz_25246576/htdocs/system/library/cache/file.php on line 61
2020-02-29 7:40:14 - PHP Warning:  fopen(/home/vol1_1/epizy.com/epiz_25246576/htdocs/system/storage/library/cache/cache.catalog.language.1582965614): failed to open stream: No such file or directory in /home/vol1_1/epizy.com/epiz_25246576/htdocs/system/library/cache/file.php on line 51
2020-02-29 7:40:14 - PHP Warning:  flock() expects parameter 1 to be resource, bool given in /home/vol1_1/epizy.com/epiz_25246576/htdocs/system/library/cache/file.php on line 53
2020-02-29 7:40:14 - PHP Warning:  fwrite() expects parameter 1 to be resource, bool given in /home/vol1_1/epizy.com/epiz_25246576/htdocs/system/library/cache/file.php on line 55
2020-02-29 7:40:14 - PHP Warning:  fflush() expects parameter 1 to be resource, bool given in /home/vol1_1/epizy.com/epiz_25246576/htdocs/system/library/cache/file.php on line 57
2020-02-29 7:40:14 - PHP Warning:  flock() expects parameter 1 to be resource, bool given in /home/vol1_1/epizy.com/epiz_25246576/htdocs/system/library/cache/file.php on line 59
2020-02-29 7:40:14 - PHP Warning:  fclose() expects parameter 1 to be resource, bool given in /home/vol1_1/epizy.com/epiz_25246576/htdocs/system/library/cache/file.php on line 61
2020-02-29 7:40:14 - PHP Warning:  fopen(/home/vol1_1/epizy.com/epiz_25246576/htdocs/system/storage/library/cache/cache.currency.1582965614): failed to open stream: No such file or directory in /home/vol1_1/epizy.com/epiz_25246576/htdocs/system/library/cache/file.php on line 51
2020-02-29 7:40:14 - PHP Warning:  flock() expects parameter 1 to be resource, bool given in /home/vol1_1/epizy.com/epiz_25246576/htdocs/system/library/cache/file.php on line 53
2020-02-29 7:40:14 - PHP Warning:  fwrite() expects parameter 1 to be resource, bool given in /home/vol1_1/epizy.com/epiz_25246576/htdocs/system/library/cache/file.php on line 55
2020-02-29 7:40:14 - PHP Warning:  fflush() expects parameter 1 to be resource, bool given in /home/vol1_1/epizy.com/epiz_25246576/htdocs/system/library/cache/file.php on line 57
2020-02-29 7:40:14 - PHP Warning:  flock() expects parameter 1 to be resource, bool given in /home/vol1_1/epizy.com/epiz_25246576/htdocs/system/library/cache/file.php on line 59
2020-02-29 7:40:14 - PHP Warning:  fclose() expects parameter 1 to be resource, bool given in /home/vol1_1/epizy.com/epiz_25246576/htdocs/system/library/cache/file.php on line 61
2020-02-29 7:42:16 - PHP Warning:  fopen(/home/vol1_1/epizy.com/epiz_25246576/htdocs/system/storage/library/cache/cache.catalog.language.1582965736): failed to open stream: No such file or directory in /home/vol1_1/epizy.com/epiz_25246576/htdocs/system/library/cache/file.php on line 51
2020-02-29 7:42:16 - PHP Warning:  flock() expects parameter 1 to be resource, bool given in /home/vol1_1/epizy.com/epiz_25246576/htdocs/system/library/cache/file.php on line 53
2020-02-29 7:42:16 - PHP Warning:  fwrite() expects parameter 1 to be resource, bool given in /home/vol1_1/epizy.com/epiz_25246576/htdocs/system/library/cache/file.php on line 55
2020-02-29 7:42:16 - PHP Warning:  fflush() expects parameter 1 to be resource, bool given in /home/vol1_1/epizy.com/epiz_25246576/htdocs/system/library/cache/file.php on line 57
2020-02-29 7:42:16 - PHP Warning:  flock() expects parameter 1 to be resource, bool given in /home/vol1_1/epizy.com/epiz_25246576/htdocs/system/library/cache/file.php on line 59
2020-02-29 7:42:16 - PHP Warning:  fclose() expects parameter 1 to be resource, bool given in /home/vol1_1/epizy.com/epiz_25246576/htdocs/system/library/cache/file.php on line 61
2020-02-29 7:42:16 - PHP Warning:  fopen(/home/vol1_1/epizy.com/epiz_25246576/htdocs/system/storage/library/cache/cache.currency.1582965736): failed to open stream: No such file or directory in /home/vol1_1/epizy.com/epiz_25246576/htdocs/system/library/cache/file.php on line 51
2020-02-29 7:42:16 - PHP Warning:  flock() expects parameter 1 to be resource, bool given in /home/vol1_1/epizy.com/epiz_25246576/htdocs/system/library/cache/file.php on line 53
2020-02-29 7:42:16 - PHP Warning:  fwrite() expects parameter 1 to be resource, bool given in /home/vol1_1/epizy.com/epiz_25246576/htdocs/system/library/cache/file.php on line 55
2020-02-29 7:42:16 - PHP Warning:  fflush() expects parameter 1 to be resource, bool given in /home/vol1_1/epizy.com/epiz_25246576/htdocs/system/library/cache/file.php on line 57
2020-02-29 7:42:16 - PHP Warning:  flock() expects parameter 1 to be resource, bool given in /home/vol1_1/epizy.com/epiz_25246576/htdocs/system/library/cache/file.php on line 59
2020-02-29 7:42:16 - PHP Warning:  fclose() expects parameter 1 to be resource, bool given in /home/vol1_1/epizy.com/epiz_25246576/htdocs/system/library/cache/file.php on line 61
2020-02-29 7:43:23 - PHP Warning:  fopen(/home/vol1_1/epizy.com/epiz_25246576/htdocs/system/storage/library/cache/cache.catalog.language.1582965803): failed to open stream: No such file or directory in /home/vol1_1/epizy.com/epiz_25246576/htdocs/system/library/cache/file.php on line 51
2020-02-29 7:43:23 - PHP Warning:  flock() expects parameter 1 to be resource, bool given in /home/vol1_1/epizy.com/epiz_25246576/htdocs/system/library/cache/file.php on line 53
2020-02-29 7:43:23 - PHP Warning:  fwrite() expects parameter 1 to be resource, bool given in /home/vol1_1/epizy.com/epiz_25246576/htdocs/system/library/cache/file.php on line 55
2020-02-29 7:43:23 - PHP Warning:  fflush() expects parameter 1 to be resource, bool given in /home/vol1_1/epizy.com/epiz_25246576/htdocs/system/library/cache/file.php on line 57
2020-02-29 7:43:23 - PHP Warning:  flock() expects parameter 1 to be resource, bool given in /home/vol1_1/epizy.com/epiz_25246576/htdocs/system/library/cache/file.php on line 59
2020-02-29 7:43:23 - PHP Warning:  fclose() expects parameter 1 to be resource, bool given in /home/vol1_1/epizy.com/epiz_25246576/htdocs/system/library/cache/file.php on line 61
2020-02-29 7:43:23 - PHP Warning:  fopen(/home/vol1_1/epizy.com/epiz_25246576/htdocs/system/storage/library/cache/cache.currency.1582965803): failed to open stream: No such file or directory in /home/vol1_1/epizy.com/epiz_25246576/htdocs/system/library/cache/file.php on line 51
2020-02-29 7:43:23 - PHP Warning:  flock() expects parameter 1 to be resource, bool given in /home/vol1_1/epizy.com/epiz_25246576/htdocs/system/library/cache/file.php on line 53
2020-02-29 7:43:23 - PHP Warning:  fwrite() expects parameter 1 to be resource, bool given in /home/vol1_1/epizy.com/epiz_25246576/htdocs/system/library/cache/file.php on line 55
2020-02-29 7:43:23 - PHP Warning:  fflush() expects parameter 1 to be resource, bool given in /home/vol1_1/epizy.com/epiz_25246576/htdocs/system/library/cache/file.php on line 57
2020-02-29 7:43:23 - PHP Warning:  flock() expects parameter 1 to be resource, bool given in /home/vol1_1/epizy.com/epiz_25246576/htdocs/system/library/cache/file.php on line 59
2020-02-29 7:43:23 - PHP Warning:  fclose() expects parameter 1 to be resource, bool given in /home/vol1_1/epizy.com/epiz_25246576/htdocs/system/library/cache/file.php on line 61
2020-02-29 7:44:01 - PHP Warning:  fopen(/home/vol1_1/epizy.com/epiz_25246576/htdocs/system/storage/library/cache/cache.catalog.language.1582965841): failed to open stream: No such file or directory in /home/vol1_1/epizy.com/epiz_25246576/htdocs/system/library/cache/file.php on line 51
2020-02-29 7:44:01 - PHP Warning:  flock() expects parameter 1 to be resource, bool given in /home/vol1_1/epizy.com/epiz_25246576/htdocs/system/library/cache/file.php on line 53
2020-02-29 7:44:01 - PHP Warning:  fwrite() expects parameter 1 to be resource, bool given in /home/vol1_1/epizy.com/epiz_25246576/htdocs/system/library/cache/file.php on line 55
2020-02-29 7:44:01 - PHP Warning:  fflush() expects parameter 1 to be resource, bool given in /home/vol1_1/epizy.com/epiz_25246576/htdocs/system/library/cache/file.php on line 57
2020-02-29 7:44:01 - PHP Warning:  flock() expects parameter 1 to be resource, bool given in /home/vol1_1/epizy.com/epiz_25246576/htdocs/system/library/cache/file.php on line 59
2020-02-29 7:44:01 - PHP Warning:  fclose() expects parameter 1 to be resource, bool given in /home/vol1_1/epizy.com/epiz_25246576/htdocs/system/library/cache/file.php on line 61
2020-02-29 7:44:01 - PHP Warning:  fopen(/home/vol1_1/epizy.com/epiz_25246576/htdocs/system/storage/library/cache/cache.currency.1582965841): failed to open stream: No such file or directory in /home/vol1_1/epizy.com/epiz_25246576/htdocs/system/library/cache/file.php on line 51
2020-02-29 7:44:01 - PHP Warning:  flock() expects parameter 1 to be resource, bool given in /home/vol1_1/epizy.com/epiz_25246576/htdocs/system/library/cache/file.php on line 53
2020-02-29 7:44:01 - PHP Warning:  fwrite() expects parameter 1 to be resource, bool given in /home/vol1_1/epizy.com/epiz_25246576/htdocs/system/library/cache/file.php on line 55
2020-02-29 7:44:01 - PHP Warning:  fflush() expects parameter 1 to be resource, bool given in /home/vol1_1/epizy.com/epiz_25246576/htdocs/system/library/cache/file.php on line 57
2020-02-29 7:44:01 - PHP Warning:  flock() expects parameter 1 to be resource, bool given in /home/vol1_1/epizy.com/epiz_25246576/htdocs/system/library/cache/file.php on line 59
2020-02-29 7:44:01 - PHP Warning:  fclose() expects parameter 1 to be resource, bool given in /home/vol1_1/epizy.com/epiz_25246576/htdocs/system/library/cache/file.php on line 61
2020-02-29 7:45:59 - PHP Warning:  fopen(/home/vol1_1/epizy.com/epiz_25246576/htdocs/system/storage/library/cache/cache.catalog.language.1582965959): failed to open stream: No such file or directory in /home/vol1_1/epizy.com/epiz_25246576/htdocs/system/library/cache/file.php on line 51
2020-02-29 7:45:59 - PHP Warning:  flock() expects parameter 1 to be resource, bool given in /home/vol1_1/epizy.com/epiz_25246576/htdocs/system/library/cache/file.php on line 53
2020-02-29 7:45:59 - PHP Warning:  fwrite() expects parameter 1 to be resource, bool given in /home/vol1_1/epizy.com/epiz_25246576/htdocs/system/library/cache/file.php on line 55
2020-02-29 7:45:59 - PHP Warning:  fflush() expects parameter 1 to be resource, bool given in /home/vol1_1/epizy.com/epiz_25246576/htdocs/system/library/cache/file.php on line 57
2020-02-29 7:45:59 - PHP Warning:  flock() expects parameter 1 to be resource, bool given in /home/vol1_1/epizy.com/epiz_25246576/htdocs/system/library/cache/file.php on line 59
2020-02-29 7:45:59 - PHP Warning:  fclose() expects parameter 1 to be resource, bool given in /home/vol1_1/epizy.com/epiz_25246576/htdocs/system/library/cache/file.php on line 61
2020-02-29 7:45:59 - PHP Warning:  fopen(/home/vol1_1/epizy.com/epiz_25246576/htdocs/system/storage/library/cache/cache.currency.1582965959): failed to open stream: No such file or directory in /home/vol1_1/epizy.com/epiz_25246576/htdocs/system/library/cache/file.php on line 51
2020-02-29 7:45:59 - PHP Warning:  flock() expects parameter 1 to be resource, bool given in /home/vol1_1/epizy.com/epiz_25246576/htdocs/system/library/cache/file.php on line 53
2020-02-29 7:45:59 - PHP Warning:  fwrite() expects parameter 1 to be resource, bool given in /home/vol1_1/epizy.com/epiz_25246576/htdocs/system/library/cache/file.php on line 55
2020-02-29 7:45:59 - PHP Warning:  fflush() expects parameter 1 to be resource, bool given in /home/vol1_1/epizy.com/epiz_25246576/htdocs/system/library/cache/file.php on line 57
2020-02-29 7:45:59 - PHP Warning:  flock() expects parameter 1 to be resource, bool given in /home/vol1_1/epizy.com/epiz_25246576/htdocs/system/library/cache/file.php on line 59
2020-02-29 7:45:59 - PHP Warning:  fclose() expects parameter 1 to be resource, bool given in /home/vol1_1/epizy.com/epiz_25246576/htdocs/system/library/cache/file.php on line 61
